

============================== 2023-07-24 18:23:08.937017 | 39b145bc-e9d4-466a-a484-c9c71e934038 ==============================
[0m18:23:08.937017 [info ] [MainThread]: Running with dbt=1.4.6
[0m18:23:08.946131 [debug] [MainThread]: running dbt with arguments {'write_json': True, 'use_colors': True, 'printer_width': 80, 'version_check': True, 'partial_parse': True, 'static_parser': True, 'profiles_dir': 'C:\\Users\\bhall48\\.dbt', 'send_anonymous_usage_stats': True, 'quiet': False, 'no_print': False, 'cache_selected_only': False, 'project_name': 'demot_dbt', 'skip_profile_setup': False, 'which': 'init', 'indirect_selection': 'eager'}
[0m18:23:08.946131 [debug] [MainThread]: Tracking: tracking
[0m18:23:08.970028 [debug] [MainThread]: Sending event: {'category': 'dbt', 'action': 'invocation', 'label': 'start', 'context': [<snowplow_tracker.self_describing_json.SelfDescribingJson object at 0x0000022C54254160>, <snowplow_tracker.self_describing_json.SelfDescribingJson object at 0x0000022C542487F0>, <snowplow_tracker.self_describing_json.SelfDescribingJson object at 0x0000022C542482E0>]}
[0m18:23:08.981568 [debug] [MainThread]: Starter project path: C:\Users\bhall48\Miniconda3\lib\site-packages\dbt\include\starter_project
[0m18:38:31.752000 [info ] [MainThread]: No sample profile found for sqlserver.
[0m18:38:31.752000 [info ] [MainThread]: 
Your new dbt project "demot_dbt" was created!

For more information on how to configure the profiles.yml file,
please consult the dbt documentation here:

  https://docs.getdbt.com/docs/configure-your-profile

One more thing:

Need help? Don't hesitate to reach out to us via GitHub issues or on Slack:

  https://community.getdbt.com/

Happy modeling!

[0m18:38:31.767420 [debug] [MainThread]: Sending event: {'category': 'dbt', 'action': 'invocation', 'label': 'end', 'context': [<snowplow_tracker.self_describing_json.SelfDescribingJson object at 0x0000022C542483D0>, <snowplow_tracker.self_describing_json.SelfDescribingJson object at 0x0000022C54248250>, <snowplow_tracker.self_describing_json.SelfDescribingJson object at 0x0000022C54254160>]}
[0m18:38:31.767420 [debug] [MainThread]: Flushing usage events


============================== 2023-07-24 18:38:51.195668 | 42a8ce68-82f0-4e2a-80fc-33a2388c2bae ==============================
[0m18:38:51.195668 [info ] [MainThread]: Running with dbt=1.4.6
[0m18:38:51.195668 [debug] [MainThread]: running dbt with arguments {'write_json': True, 'use_colors': True, 'printer_width': 80, 'version_check': True, 'partial_parse': True, 'static_parser': True, 'profiles_dir': 'C:\\Users\\bhall48\\.dbt', 'send_anonymous_usage_stats': True, 'quiet': False, 'no_print': False, 'cache_selected_only': False, 'config_dir': False, 'which': 'debug', 'indirect_selection': 'eager'}
[0m18:38:51.205177 [debug] [MainThread]: Tracking: tracking
[0m18:38:51.247481 [debug] [MainThread]: Sending event: {'category': 'dbt', 'action': 'invocation', 'label': 'start', 'context': [<snowplow_tracker.self_describing_json.SelfDescribingJson object at 0x000001BB66E682B0>, <snowplow_tracker.self_describing_json.SelfDescribingJson object at 0x000001BB66E68CA0>, <snowplow_tracker.self_describing_json.SelfDescribingJson object at 0x000001BB66E687F0>]}
[0m18:38:51.275727 [debug] [MainThread]: Executing "git --help"
[0m18:38:51.805031 [debug] [MainThread]: STDOUT: "b"usage: git [-v | --version] [-h | --help] [-C <path>] [-c <name>=<value>]\n           [--exec-path[=<path>]] [--html-path] [--man-path] [--info-path]\n           [-p | --paginate | -P | --no-pager] [--no-replace-objects] [--bare]\n           [--git-dir=<path>] [--work-tree=<path>] [--namespace=<name>]\n           [--super-prefix=<path>] [--config-env=<name>=<envvar>]\n           <command> [<args>]\n\nThese are common Git commands used in various situations:\n\nstart a working area (see also: git help tutorial)\n   clone     Clone a repository into a new directory\n   init      Create an empty Git repository or reinitialize an existing one\n\nwork on the current change (see also: git help everyday)\n   add       Add file contents to the index\n   mv        Move or rename a file, a directory, or a symlink\n   restore   Restore working tree files\n   rm        Remove files from the working tree and from the index\n\nexamine the history and state (see also: git help revisions)\n   bisect    Use binary search to find the commit that introduced a bug\n   diff      Show changes between commits, commit and working tree, etc\n   grep      Print lines matching a pattern\n   log       Show commit logs\n   show      Show various types of objects\n   status    Show the working tree status\n\ngrow, mark and tweak your common history\n   branch    List, create, or delete branches\n   commit    Record changes to the repository\n   merge     Join two or more development histories together\n   rebase    Reapply commits on top of another base tip\n   reset     Reset current HEAD to the specified state\n   switch    Switch branches\n   tag       Create, list, delete or verify a tag object signed with GPG\n\ncollaborate (see also: git help workflows)\n   fetch     Download objects and refs from another repository\n   pull      Fetch from and integrate with another repository or a local branch\n   push      Update remote refs along with associated objects\n\n'git help -a' and 'git help -g' list available subcommands and some\nconcept guides. See 'git help <command>' or 'git help <concept>'\nto read about a specific subcommand or concept.\nSee 'git help git' for an overview of the system.\n""
[0m18:38:51.805031 [debug] [MainThread]: STDERR: "b''"
[0m18:38:51.815548 [debug] [MainThread]: Sending event: {'category': 'dbt', 'action': 'invocation', 'label': 'end', 'context': [<snowplow_tracker.self_describing_json.SelfDescribingJson object at 0x000001BB66E689D0>, <snowplow_tracker.self_describing_json.SelfDescribingJson object at 0x000001BB66E683D0>, <snowplow_tracker.self_describing_json.SelfDescribingJson object at 0x000001BB66E7EFD0>]}
[0m18:38:51.817979 [debug] [MainThread]: Flushing usage events
